<?xml version="1.0" encoding="UTF-8"?>
<!-- Generated by org.testng.reporters.JUnitReportReporter -->
<testsuite hostname="Dell" name="com.api.scripts.ReadJsonObject" tests="1" failures="0" timestamp="17 Apr 2017 09:45:54 GMT" time="0.375" errors="0">
  <testcase name="aptTesting" time="0.375" classname="com.api.scripts.ReadJsonObject"/>
</testsuite> <!-- com.api.scripts.ReadJsonObject -->
